<?xml version="1.0" encoding="UTF-8"?>
<!-- Generated by org.testng.reporters.JUnitReportReporter -->
<testsuite hostname="DESKTOP-99UMOTF" failures="0" tests="6" name="CucumberOptions.TestRunner" time="0.309" errors="0" timestamp="2024-07-13T15:40:08 COT" skipped="0">
  <testcase classname="CucumberOptions.TestRunner" name="runScenario" time="0.027"/>
  <testcase classname="CucumberOptions.TestRunner" name="runScenario" time="0.042"/>
  <testcase classname="CucumberOptions.TestRunner" name="runScenario" time="0.017"/>
  <testcase classname="CucumberOptions.TestRunner" name="runScenario" time="0.029"/>
  <testcase classname="CucumberOptions.TestRunner" name="runScenario" time="0.178"/>
  <testcase classname="CucumberOptions.TestRunner" name="runScenario" time="0.016"/>
</testsuite> <!-- CucumberOptions.TestRunner -->
